<?xml version="1.0" encoding="UTF-8"?>
<!-- Generated by org.testng.reporters.JUnitXMLReporter -->
<testsuite ignored="1" hostname="LAPTOP-7B54J0QD" failures="0" tests="2" name="Test" time="24.526" errors="0" timestamp="2023-10-16T16:04:59 IST">
  <testcase classname="com.mystore.testcases.TC_ProductPageTest" name="verifySearchProduct" time="6.056"/>
  <testcase classname="com.mystore.testcases.TC_MyAccountPageTest" name="verifyLogin" time="1.866"/>
  <testcase classname="com.mystore.testcases.TC_MyAccountPageTest" name="verifyRegistrationAndLogin" time="0.0">
    <ignored/>
  </testcase> <!-- verifyRegistrationAndLogin -->
</testsuite> <!-- Test -->
