<?xml version="1.0" encoding="UTF-8"?>
<!-- Generated by org.testng.reporters.JUnitXMLReporter -->
<testsuite ignored="1" hostname="LAPTOP-7B54J0QD" failures="0" tests="2" name="Test" time="25.913" errors="0" timestamp="2023-10-16T17:41:45 IST">
  <testcase classname="com.mystore.testcases.TC_ProductPageTest" name="verifySearchProduct" time="5.328"/>
  <testcase classname="com.mystore.testcases.TC_MyAccountPageTest" name="verifyLogin" time="2.671"/>
  <testcase classname="com.mystore.testcases.TC_MyAccountPageTest" name="verifyRegistrationAndLogin" time="0.0">
    <ignored/>
  </testcase> <!-- verifyRegistrationAndLogin -->
</testsuite> <!-- Test -->
