<?xml version="1.0" encoding="UTF-8"?>
<testng-results ignored="1" total="3" passed="2" failed="0" skipped="0">
  <reporter-output>
  </reporter-output>
  <suite started-at="2023-10-16T17:41:19 IST" name="Suite" finished-at="2023-10-16T17:41:45 IST" duration-ms="25913">
    <groups>
    </groups>
    <test started-at="2023-10-16T17:41:19 IST" name="Test" finished-at="2023-10-16T17:41:45 IST" duration-ms="25913">
      <class name="com.mystore.testcases.TC_ProductPageTest">
        <test-method is-config="true" signature="setup()[pri:0, instance:com.mystore.testcases.TC_ProductPageTest@6379eb]" started-at="2023-10-16T17:41:19 IST" name="setup" finished-at="2023-10-16T17:41:29 IST" duration-ms="9461" status="PASS">
          <reporter-output>
          </reporter-output>
        </test-method> <!-- setup -->
        <test-method signature="verifySearchProduct()[pri:0, instance:com.mystore.testcases.TC_ProductPageTest@6379eb]" started-at="2023-10-16T17:41:29 IST" name="verifySearchProduct" finished-at="2023-10-16T17:41:34 IST" duration-ms="5328" status="PASS">
          <reporter-output>
          </reporter-output>
        </test-method> <!-- verifySearchProduct -->
        <test-method is-config="true" signature="tearDown()[pri:0, instance:com.mystore.testcases.TC_ProductPageTest@6379eb]" started-at="2023-10-16T17:41:34 IST" name="tearDown" finished-at="2023-10-16T17:41:35 IST" duration-ms="821" status="PASS">
          <reporter-output>
          </reporter-output>
        </test-method> <!-- tearDown -->
      </class> <!-- com.mystore.testcases.TC_ProductPageTest -->
      <class name="com.mystore.testcases.TC_MyAccountPageTest">
        <test-method is-config="true" signature="setup()[pri:0, instance:com.mystore.testcases.TC_MyAccountPageTest@5b239d7d]" started-at="2023-10-16T17:41:35 IST" name="setup" finished-at="2023-10-16T17:41:41 IST" duration-ms="6476" status="PASS">
          <reporter-output>
          </reporter-output>
        </test-method> <!-- setup -->
        <test-method signature="verifyLogin()[pri:0, instance:com.mystore.testcases.TC_MyAccountPageTest@5b239d7d]" started-at="2023-10-16T17:41:41 IST" name="verifyLogin" finished-at="2023-10-16T17:41:44 IST" duration-ms="2671" status="PASS">
          <reporter-output>
          </reporter-output>
        </test-method> <!-- verifyLogin -->
        <test-method is-config="true" signature="tearDown()[pri:0, instance:com.mystore.testcases.TC_MyAccountPageTest@5b239d7d]" started-at="2023-10-16T17:41:44 IST" name="tearDown" finished-at="2023-10-16T17:41:45 IST" duration-ms="855" status="PASS">
          <reporter-output>
          </reporter-output>
        </test-method> <!-- tearDown -->
      </class> <!-- com.mystore.testcases.TC_MyAccountPageTest -->
    </test> <!-- Test -->
  </suite> <!-- Suite -->
</testng-results>
