<?xml version="1.0" encoding="UTF-8"?>
<testsuite xmlns:xsi="http://www.w3.org/2001/XMLSchema-instance" xsi:noNamespaceSchemaLocation="https://maven.apache.org/surefire/maven-surefire-plugin/xsd/surefire-test-report-3.0.xsd" version="3.0" name="TestSuite" time="26.67" tests="2" errors="0" skipped="0" failures="0">
  <properties>
[...]
</properties>
  <testcase name="verifySearchProduct" classname="com.mystore.testcases.TC_ProductPageTest" time="5.338">
    <system-out><![CDATA[On Start method invoked....
[DEBUG] 2023-10-16 17:41:20.947 [main] InternalLoggerFactory - Using Log4J2 as the default logging framework
[DEBUG] 2023-10-16 17:41:20.963 [main] ResourceLeakDetector - -Dio.netty.leakDetection.level: simple
[DEBUG] 2023-10-16 17:41:20.963 [main] ResourceLeakDetector - -Dio.netty.leakDetection.targetRecords: 4
[DEBUG] 2023-10-16 17:41:20.963 [main] ResourceLeakDetectorFactory - Loaded default ResourceLeakDetector: io.netty.util.ResourceLeakDetector@17a703f5
[DEBUG] 2023-10-16 17:41:20.994 [main] PlatformDependent0 - -Dio.netty.noUnsafe: false
[DEBUG] 2023-10-16 17:41:20.994 [main] PlatformDependent0 - Java version: 21
[DEBUG] 2023-10-16 17:41:20.994 [main] PlatformDependent0 - sun.misc.Unsafe.theUnsafe: available
[DEBUG] 2023-10-16 17:41:20.994 [main] PlatformDependent0 - sun.misc.Unsafe.copyMemory: available
[DEBUG] 2023-10-16 17:41:20.994 [main] PlatformDependent0 - java.nio.Buffer.address: available
[DEBUG] 2023-10-16 17:41:20.994 [main] PlatformDependent0 - direct buffer constructor: unavailable: java.nio.DirectByteBuffer.<init>(long,int)
[DEBUG] 2023-10-16 17:41:20.994 [main] PlatformDependent0 - java.nio.Bits.unaligned: available, true
[DEBUG] 2023-10-16 17:41:20.994 [main] PlatformDependent0 - jdk.internal.misc.Unsafe.allocateUninitializedArray(int): unavailable: class io.netty.util.internal.PlatformDependent0$6 cannot access class jdk.internal.misc.Unsafe (in module java.base) because module java.base does not export jdk.internal.misc to unnamed module @d4342c2
[DEBUG] 2023-10-16 17:41:20.994 [main] PlatformDependent0 - java.nio.DirectByteBuffer.<init>(long, int): unavailable
[DEBUG] 2023-10-16 17:41:20.994 [main] PlatformDependent - sun.misc.Unsafe: available
[DEBUG] 2023-10-16 17:41:20.994 [main] PlatformDependent - maxDirectMemory: 2090860544 bytes (maybe)
[DEBUG] 2023-10-16 17:41:20.994 [main] PlatformDependent - -Dio.netty.tmpdir: C:\Users\YOGESH~1\AppData\Local\Temp (java.io.tmpdir)
[DEBUG] 2023-10-16 17:41:20.994 [main] PlatformDependent - -Dio.netty.bitMode: 64 (sun.arch.data.model)
[DEBUG] 2023-10-16 17:41:20.994 [main] PlatformDependent - Platform: Windows
[DEBUG] 2023-10-16 17:41:20.994 [main] PlatformDependent - -Dio.netty.maxDirectMemory: -1 bytes
[DEBUG] 2023-10-16 17:41:20.994 [main] PlatformDependent - -Dio.netty.uninitializedArrayAllocationThreshold: -1
[DEBUG] 2023-10-16 17:41:20.994 [main] CleanerJava9 - java.nio.ByteBuffer.cleaner(): available
[DEBUG] 2023-10-16 17:41:20.994 [main] PlatformDependent - -Dio.netty.noPreferDirect: false
[DEBUG] 2023-10-16 17:41:21.010 [main] PlatformDependent - org.jctools-core.MpscChunkedArrayQueue: available
[DEBUG] 2023-10-16 17:41:21.041 [main] InternalThreadLocalMap - -Dio.netty.threadLocalMap.stringBuilder.initialSize: 1024
[DEBUG] 2023-10-16 17:41:21.041 [main] InternalThreadLocalMap - -Dio.netty.threadLocalMap.stringBuilder.maxSize: 4096
[DEBUG] 2023-10-16 17:41:21.057 [main] JdkSslContext - Default protocols (JDK): [TLSv1.3, TLSv1.2] 
[DEBUG] 2023-10-16 17:41:21.057 [main] JdkSslContext - Default cipher suites (JDK): [TLS_ECDHE_ECDSA_WITH_AES_256_GCM_SHA384, TLS_ECDHE_ECDSA_WITH_AES_128_GCM_SHA256, TLS_ECDHE_RSA_WITH_AES_128_GCM_SHA256, TLS_ECDHE_RSA_WITH_AES_256_GCM_SHA384, TLS_ECDHE_RSA_WITH_AES_128_CBC_SHA, TLS_ECDHE_RSA_WITH_AES_256_CBC_SHA, TLS_RSA_WITH_AES_128_GCM_SHA256, TLS_RSA_WITH_AES_128_CBC_SHA, TLS_RSA_WITH_AES_256_CBC_SHA, TLS_AES_128_GCM_SHA256, TLS_AES_256_GCM_SHA384]
[DEBUG] 2023-10-16 17:41:21.088 [main] MultithreadEventLoopGroup - -Dio.netty.eventLoopThreads: 16
[DEBUG] 2023-10-16 17:41:21.104 [main] NioEventLoop - -Dio.netty.noKeySetOptimization: false
[DEBUG] 2023-10-16 17:41:21.104 [main] NioEventLoop - -Dio.netty.selectorAutoRebuildThreshold: 512
[DEBUG] 2023-10-16 17:41:21.167 [main] PooledByteBufAllocator - -Dio.netty.allocator.numHeapArenas: 16
[DEBUG] 2023-10-16 17:41:21.167 [main] PooledByteBufAllocator - -Dio.netty.allocator.numDirectArenas: 16
[DEBUG] 2023-10-16 17:41:21.167 [main] PooledByteBufAllocator - -Dio.netty.allocator.pageSize: 8192
[DEBUG] 2023-10-16 17:41:21.167 [main] PooledByteBufAllocator - -Dio.netty.allocator.maxOrder: 11
[DEBUG] 2023-10-16 17:41:21.167 [main] PooledByteBufAllocator - -Dio.netty.allocator.chunkSize: 16777216
[DEBUG] 2023-10-16 17:41:21.167 [main] PooledByteBufAllocator - -Dio.netty.allocator.smallCacheSize: 256
[DEBUG] 2023-10-16 17:41:21.167 [main] PooledByteBufAllocator - -Dio.netty.allocator.normalCacheSize: 64
[DEBUG] 2023-10-16 17:41:21.167 [main] PooledByteBufAllocator - -Dio.netty.allocator.maxCachedBufferCapacity: 32768
[DEBUG] 2023-10-16 17:41:21.167 [main] PooledByteBufAllocator - -Dio.netty.allocator.cacheTrimInterval: 8192
[DEBUG] 2023-10-16 17:41:21.167 [main] PooledByteBufAllocator - -Dio.netty.allocator.cacheTrimIntervalMillis: 0
[DEBUG] 2023-10-16 17:41:21.167 [main] PooledByteBufAllocator - -Dio.netty.allocator.useCacheForAllThreads: true
[DEBUG] 2023-10-16 17:41:21.167 [main] PooledByteBufAllocator - -Dio.netty.allocator.maxCachedByteBuffersPerChunk: 1023
[DEBUG] 2023-10-16 17:41:21.167 [main] ByteBufUtil - -Dio.netty.allocator.type: pooled
[DEBUG] 2023-10-16 17:41:21.183 [main] ByteBufUtil - -Dio.netty.threadLocalDirectBufferSize: 0
[DEBUG] 2023-10-16 17:41:21.183 [main] ByteBufUtil - -Dio.netty.maxThreadLocalCharBufferSize: 16384
[DEBUG] 2023-10-16 17:41:21.442 [Forwarding newSession on session null to remote] DefaultChannelId - -Dio.netty.processId: 3184 (auto-detected)
[DEBUG] 2023-10-16 17:41:21.458 [Forwarding newSession on session null to remote] NetUtil - -Djava.net.preferIPv4Stack: false
[DEBUG] 2023-10-16 17:41:21.458 [Forwarding newSession on session null to remote] NetUtil - -Djava.net.preferIPv6Addresses: false
[DEBUG] 2023-10-16 17:41:21.458 [Forwarding newSession on session null to remote] NetUtilInitializations - Loopback interface: loopback_0 (Software Loopback Interface 1, 0:0:0:0:0:0:0:1)
[DEBUG] 2023-10-16 17:41:21.458 [Forwarding newSession on session null to remote] NetUtil - Failed to get SOMAXCONN from sysctl and file \proc\sys\net\core\somaxconn. Default: 200
[DEBUG] 2023-10-16 17:41:21.458 [Forwarding newSession on session null to remote] DefaultChannelId - -Dio.netty.machineId: ec:63:d7:ff:fe:73:74:9b (auto-detected)
[DEBUG] 2023-10-16 17:41:21.505 [AsyncHttpClient-1-2] AbstractByteBuf - -Dio.netty.buffer.checkAccessible: true
[DEBUG] 2023-10-16 17:41:21.505 [AsyncHttpClient-1-2] AbstractByteBuf - -Dio.netty.buffer.checkBounds: true
[DEBUG] 2023-10-16 17:41:21.505 [AsyncHttpClient-1-2] ResourceLeakDetectorFactory - Loaded default ResourceLeakDetector: io.netty.util.ResourceLeakDetector@56ac0ea3
[DEBUG] 2023-10-16 17:41:21.520 [AsyncHttpClient-1-2] Recycler - -Dio.netty.recycler.maxCapacityPerThread: 4096
[DEBUG] 2023-10-16 17:41:21.520 [AsyncHttpClient-1-2] Recycler - -Dio.netty.recycler.maxSharedCapacityFactor: 2
[DEBUG] 2023-10-16 17:41:21.520 [AsyncHttpClient-1-2] Recycler - -Dio.netty.recycler.linkCapacity: 16
[DEBUG] 2023-10-16 17:41:21.520 [AsyncHttpClient-1-2] Recycler - -Dio.netty.recycler.ratio: 8
[DEBUG] 2023-10-16 17:41:21.520 [AsyncHttpClient-1-2] Recycler - -Dio.netty.recycler.delayedQueue.ratio: 8
[DEBUG] 2023-10-16 17:41:23.436 [AsyncHttpClient-1-2] Brotli - brotli4j not in the classpath; Brotli support will be unavailable.
[INFO ] 2023-10-16 17:41:29.062 [main] MyStoreV1 - **********url opened**********
Name of test method started:verifySearchProduct
[INFO ] 2023-10-16 17:41:29.070 [main] MyStoreV1 - **********TestCase Search Product started**********
[INFO ] 2023-10-16 17:41:30.028 [main] MyStoreV1 - Clicked on sign in link
[INFO ] 2023-10-16 17:41:30.071 [main] MyStoreV1 - Entered email address
[INFO ] 2023-10-16 17:41:30.093 [main] MyStoreV1 - Entered password
[INFO ] 2023-10-16 17:41:31.044 [main] MyStoreV1 - Clicked on sign in link..
[INFO ] 2023-10-16 17:41:33.689 [main] MyStoreV1 - Search Product testcase - Passed
[INFO ] 2023-10-16 17:41:34.397 [main] MyStoreV1 - **********TestCase Search Product ends**********
Name of test method sucessfully executed:verifySearchProduct
]]></system-out>
    <system-err><![CDATA[SLF4J: Failed to load class "org.slf4j.impl.StaticLoggerBinder".
SLF4J: Defaulting to no-operation (NOP) logger implementation
SLF4J: See http://www.slf4j.org/codes.html#StaticLoggerBinder for further details.
1697458281318	geckodriver	INFO	Listening on 127.0.0.1:53193
1697458281553	mozrunner::runner	INFO	Running command: "C:\\Program Files\\Mozilla Firefox\\firefox.exe" "--marionette" "--remote-debugging-port" "63506" "--remote-allow-hosts" "localhost" "-no-remote" "-profile" "C:\\Users\\YOGESH~1\\AppData\\Local\\Temp\\rust_mozprofilei6R0Pd"
console.warn: services.settings: Ignoring preference override of remote settings server
console.warn: services.settings: Allow by setting MOZ_REMOTE_SETTINGS_DEVTOOLS=1 in the environment
1697458281849	Marionette	INFO	Marionette enabled
Dynamically enable window occlusion 0
1697458281910	Marionette	INFO	Listening on port 61486
WebDriver BiDi listening on ws://127.0.0.1:63506
Read port: 61486
1697458282101	RemoteAgent	WARN	TLS certificate errors will be ignored for this session
DevTools listening on ws://127.0.0.1:63506/devtools/browser/aa7d4e9c-ebf4-408e-9d4c-118105bdd28e
Oct 16, 2023 5:41:23 PM org.openqa.selenium.remote.ProtocolHandshake createSession
INFO: Detected dialect: W3C
console.warn: LoginRecipes: "Falling back to a synchronous message for: http://www.automationpractice.pl."
console.warn: LoginRecipes: "Falling back to a synchronous message for: http://www.automationpractice.pl."
]]></system-err>
  </testcase>
  <testcase name="verifyLogin" classname="com.mystore.testcases.TC_MyAccountPageTest" time="2.669">
    <system-out><![CDATA[[INFO ] 2023-10-16 17:41:41.706 [main] MyStoreV1 - **********url opened**********
Name of test method started:verifyLogin
[INFO ] 2023-10-16 17:41:41.707 [main] MyStoreV1 - **********TestCase Verify Login starts**********
[INFO ] 2023-10-16 17:41:43.230 [main] MyStoreV1 - Clicked on sign in link
[INFO ] 2023-10-16 17:41:43.266 [main] MyStoreV1 - Entered email address
[INFO ] 2023-10-16 17:41:43.287 [main] MyStoreV1 - Entered password
[INFO ] 2023-10-16 17:41:44.362 [main] MyStoreV1 - Clicked on sign in link..
[INFO ] 2023-10-16 17:41:44.362 [main] MyStoreV1 - VerifyLogin - Passed
[INFO ] 2023-10-16 17:41:44.377 [main] MyStoreV1 - **********TestCase Verify Login ends**********
Name of test method sucessfully executed:verifyLogin
]]></system-out>
    <system-err><![CDATA[1697458294414	Marionette	INFO	Stopped listening on port 61486
Dynamically enable window occlusion 1
1697458295291	geckodriver	INFO	Listening on 127.0.0.1:56912
1697458295318	mozrunner::runner	INFO	Running command: "C:\\Program Files\\Mozilla Firefox\\firefox.exe" "--marionette" "--remote-debugging-port" "61359" "--remote-allow-hosts" "localhost" "-no-remote" "-profile" "C:\\Users\\YOGESH~1\\AppData\\Local\\Temp\\rust_mozprofileb6xFyo"
console.warn: services.settings: Ignoring preference override of remote settings server
console.warn: services.settings: Allow by setting MOZ_REMOTE_SETTINGS_DEVTOOLS=1 in the environment
1697458295588	Marionette	INFO	Marionette enabled
Dynamically enable window occlusion 0
1697458295647	Marionette	INFO	Listening on port 61540
WebDriver BiDi listening on ws://127.0.0.1:61359
Read port: 61540
1697458295702	RemoteAgent	WARN	TLS certificate errors will be ignored for this session
DevTools listening on ws://127.0.0.1:61359/devtools/browser/c8e6e37d-305c-4d8d-a95f-dc195accbc0e
Oct 16, 2023 5:41:37 PM org.openqa.selenium.remote.ProtocolHandshake createSession
INFO: Detected dialect: W3C
console.warn: LoginRecipes: "Falling back to a synchronous message for: http://www.automationpractice.pl."
console.warn: LoginRecipes: "Falling back to a synchronous message for: http://www.automationpractice.pl."
]]></system-err>
  </testcase>
</testsuite>