<?xml version="1.0" encoding="UTF-8"?>
<testsuite xmlns:xsi="http://www.w3.org/2001/XMLSchema-instance" xsi:noNamespaceSchemaLocation="https://maven.apache.org/surefire/maven-surefire-plugin/xsd/surefire-test-report-3.0.xsd" version="3.0" name="TestSuite" time="21.139" tests="2" errors="0" skipped="0" failures="0">
  <properties>
[...]
</properties>
  <testcase name="verifySearchProduct" classname="com.mystore.testcases.TC_ProductPageTest" time="3.774">
    <system-out><![CDATA[On Start method invoked....
[DEBUG] 2023-10-16 16:19:43.632 [main] InternalLoggerFactory - Using Log4J2 as the default logging framework
[DEBUG] 2023-10-16 16:19:43.634 [main] ResourceLeakDetector - -Dio.netty.leakDetection.level: simple
[DEBUG] 2023-10-16 16:19:43.634 [main] ResourceLeakDetector - -Dio.netty.leakDetection.targetRecords: 4
[DEBUG] 2023-10-16 16:19:43.651 [main] ResourceLeakDetectorFactory - Loaded default ResourceLeakDetector: io.netty.util.ResourceLeakDetector@70f822e
[DEBUG] 2023-10-16 16:19:43.666 [main] PlatformDependent0 - -Dio.netty.noUnsafe: false
[DEBUG] 2023-10-16 16:19:43.666 [main] PlatformDependent0 - Java version: 21
[DEBUG] 2023-10-16 16:19:43.667 [main] PlatformDependent0 - sun.misc.Unsafe.theUnsafe: available
[DEBUG] 2023-10-16 16:19:43.667 [main] PlatformDependent0 - sun.misc.Unsafe.copyMemory: available
[DEBUG] 2023-10-16 16:19:43.667 [main] PlatformDependent0 - java.nio.Buffer.address: available
[DEBUG] 2023-10-16 16:19:43.667 [main] PlatformDependent0 - direct buffer constructor: unavailable: java.nio.DirectByteBuffer.<init>(long,int)
[DEBUG] 2023-10-16 16:19:43.667 [main] PlatformDependent0 - java.nio.Bits.unaligned: available, true
[DEBUG] 2023-10-16 16:19:43.667 [main] PlatformDependent0 - jdk.internal.misc.Unsafe.allocateUninitializedArray(int): unavailable: class io.netty.util.internal.PlatformDependent0$6 cannot access class jdk.internal.misc.Unsafe (in module java.base) because module java.base does not export jdk.internal.misc to unnamed module @d4342c2
[DEBUG] 2023-10-16 16:19:43.667 [main] PlatformDependent0 - java.nio.DirectByteBuffer.<init>(long, int): unavailable
[DEBUG] 2023-10-16 16:19:43.667 [main] PlatformDependent - sun.misc.Unsafe: available
[DEBUG] 2023-10-16 16:19:43.667 [main] PlatformDependent - maxDirectMemory: 2090860544 bytes (maybe)
[DEBUG] 2023-10-16 16:19:43.667 [main] PlatformDependent - -Dio.netty.tmpdir: C:\WINDOWS\TEMP (java.io.tmpdir)
[DEBUG] 2023-10-16 16:19:43.667 [main] PlatformDependent - -Dio.netty.bitMode: 64 (sun.arch.data.model)
[DEBUG] 2023-10-16 16:19:43.667 [main] PlatformDependent - Platform: Windows
[DEBUG] 2023-10-16 16:19:43.667 [main] PlatformDependent - -Dio.netty.maxDirectMemory: -1 bytes
[DEBUG] 2023-10-16 16:19:43.667 [main] PlatformDependent - -Dio.netty.uninitializedArrayAllocationThreshold: -1
[DEBUG] 2023-10-16 16:19:43.677 [main] CleanerJava9 - java.nio.ByteBuffer.cleaner(): available
[DEBUG] 2023-10-16 16:19:43.677 [main] PlatformDependent - -Dio.netty.noPreferDirect: false
[DEBUG] 2023-10-16 16:19:43.684 [main] PlatformDependent - org.jctools-core.MpscChunkedArrayQueue: available
[DEBUG] 2023-10-16 16:19:43.699 [main] InternalThreadLocalMap - -Dio.netty.threadLocalMap.stringBuilder.initialSize: 1024
[DEBUG] 2023-10-16 16:19:43.699 [main] InternalThreadLocalMap - -Dio.netty.threadLocalMap.stringBuilder.maxSize: 4096
[DEBUG] 2023-10-16 16:19:43.717 [main] JdkSslContext - Default protocols (JDK): [TLSv1.3, TLSv1.2] 
[DEBUG] 2023-10-16 16:19:43.717 [main] JdkSslContext - Default cipher suites (JDK): [TLS_ECDHE_ECDSA_WITH_AES_256_GCM_SHA384, TLS_ECDHE_ECDSA_WITH_AES_128_GCM_SHA256, TLS_ECDHE_RSA_WITH_AES_128_GCM_SHA256, TLS_ECDHE_RSA_WITH_AES_256_GCM_SHA384, TLS_ECDHE_RSA_WITH_AES_128_CBC_SHA, TLS_ECDHE_RSA_WITH_AES_256_CBC_SHA, TLS_RSA_WITH_AES_128_GCM_SHA256, TLS_RSA_WITH_AES_128_CBC_SHA, TLS_RSA_WITH_AES_256_CBC_SHA, TLS_AES_128_GCM_SHA256, TLS_AES_256_GCM_SHA384]
[DEBUG] 2023-10-16 16:19:43.734 [main] MultithreadEventLoopGroup - -Dio.netty.eventLoopThreads: 16
[DEBUG] 2023-10-16 16:19:43.750 [main] NioEventLoop - -Dio.netty.noKeySetOptimization: false
[DEBUG] 2023-10-16 16:19:43.750 [main] NioEventLoop - -Dio.netty.selectorAutoRebuildThreshold: 512
[DEBUG] 2023-10-16 16:19:43.800 [main] PooledByteBufAllocator - -Dio.netty.allocator.numHeapArenas: 16
[DEBUG] 2023-10-16 16:19:43.800 [main] PooledByteBufAllocator - -Dio.netty.allocator.numDirectArenas: 16
[DEBUG] 2023-10-16 16:19:43.800 [main] PooledByteBufAllocator - -Dio.netty.allocator.pageSize: 8192
[DEBUG] 2023-10-16 16:19:43.800 [main] PooledByteBufAllocator - -Dio.netty.allocator.maxOrder: 11
[DEBUG] 2023-10-16 16:19:43.800 [main] PooledByteBufAllocator - -Dio.netty.allocator.chunkSize: 16777216
[DEBUG] 2023-10-16 16:19:43.800 [main] PooledByteBufAllocator - -Dio.netty.allocator.smallCacheSize: 256
[DEBUG] 2023-10-16 16:19:43.800 [main] PooledByteBufAllocator - -Dio.netty.allocator.normalCacheSize: 64
[DEBUG] 2023-10-16 16:19:43.800 [main] PooledByteBufAllocator - -Dio.netty.allocator.maxCachedBufferCapacity: 32768
[DEBUG] 2023-10-16 16:19:43.800 [main] PooledByteBufAllocator - -Dio.netty.allocator.cacheTrimInterval: 8192
[DEBUG] 2023-10-16 16:19:43.800 [main] PooledByteBufAllocator - -Dio.netty.allocator.cacheTrimIntervalMillis: 0
[DEBUG] 2023-10-16 16:19:43.800 [main] PooledByteBufAllocator - -Dio.netty.allocator.useCacheForAllThreads: true
[DEBUG] 2023-10-16 16:19:43.800 [main] PooledByteBufAllocator - -Dio.netty.allocator.maxCachedByteBuffersPerChunk: 1023
[DEBUG] 2023-10-16 16:19:43.800 [main] ByteBufUtil - -Dio.netty.allocator.type: pooled
[DEBUG] 2023-10-16 16:19:43.800 [main] ByteBufUtil - -Dio.netty.threadLocalDirectBufferSize: 0
[DEBUG] 2023-10-16 16:19:43.800 [main] ByteBufUtil - -Dio.netty.maxThreadLocalCharBufferSize: 16384
[DEBUG] 2023-10-16 16:19:44.046 [Forwarding newSession on session null to remote] DefaultChannelId - -Dio.netty.processId: 15608 (auto-detected)
[DEBUG] 2023-10-16 16:19:44.046 [Forwarding newSession on session null to remote] NetUtil - -Djava.net.preferIPv4Stack: false
[DEBUG] 2023-10-16 16:19:44.046 [Forwarding newSession on session null to remote] NetUtil - -Djava.net.preferIPv6Addresses: false
[DEBUG] 2023-10-16 16:19:44.049 [Forwarding newSession on session null to remote] NetUtilInitializations - Loopback interface: loopback_0 (Software Loopback Interface 1, 0:0:0:0:0:0:0:1)
[DEBUG] 2023-10-16 16:19:44.051 [Forwarding newSession on session null to remote] NetUtil - Failed to get SOMAXCONN from sysctl and file \proc\sys\net\core\somaxconn. Default: 200
[DEBUG] 2023-10-16 16:19:44.051 [Forwarding newSession on session null to remote] DefaultChannelId - -Dio.netty.machineId: ec:63:d7:ff:fe:73:74:9b (auto-detected)
[DEBUG] 2023-10-16 16:19:44.083 [AsyncHttpClient-1-2] AbstractByteBuf - -Dio.netty.buffer.checkAccessible: true
[DEBUG] 2023-10-16 16:19:44.083 [AsyncHttpClient-1-2] AbstractByteBuf - -Dio.netty.buffer.checkBounds: true
[DEBUG] 2023-10-16 16:19:44.084 [AsyncHttpClient-1-2] ResourceLeakDetectorFactory - Loaded default ResourceLeakDetector: io.netty.util.ResourceLeakDetector@5f697c6e
[DEBUG] 2023-10-16 16:19:44.099 [AsyncHttpClient-1-2] Recycler - -Dio.netty.recycler.maxCapacityPerThread: 4096
[DEBUG] 2023-10-16 16:19:44.099 [AsyncHttpClient-1-2] Recycler - -Dio.netty.recycler.maxSharedCapacityFactor: 2
[DEBUG] 2023-10-16 16:19:44.099 [AsyncHttpClient-1-2] Recycler - -Dio.netty.recycler.linkCapacity: 16
[DEBUG] 2023-10-16 16:19:44.099 [AsyncHttpClient-1-2] Recycler - -Dio.netty.recycler.ratio: 8
[DEBUG] 2023-10-16 16:19:44.099 [AsyncHttpClient-1-2] Recycler - -Dio.netty.recycler.delayedQueue.ratio: 8
[DEBUG] 2023-10-16 16:19:45.634 [AsyncHttpClient-1-2] Brotli - brotli4j not in the classpath; Brotli support will be unavailable.
[INFO ] 2023-10-16 16:19:49.348 [main] MyStoreV1 - **********url opened**********
Name of test method started:verifySearchProduct
[INFO ] 2023-10-16 16:19:49.360 [main] MyStoreV1 - **********TestCase Search Product started**********
[INFO ] 2023-10-16 16:19:50.184 [main] MyStoreV1 - Clicked on sign in link
[INFO ] 2023-10-16 16:19:50.229 [main] MyStoreV1 - Entered email address
[INFO ] 2023-10-16 16:19:50.251 [main] MyStoreV1 - Entered password
[INFO ] 2023-10-16 16:19:51.625 [main] MyStoreV1 - Clicked on sign in link..
[INFO ] 2023-10-16 16:19:52.501 [main] MyStoreV1 - Search Product testcase - Passed
[INFO ] 2023-10-16 16:19:53.134 [main] MyStoreV1 - **********TestCase Search Product ends**********
Name of test method sucessfully executed:verifySearchProduct
]]></system-out>
    <system-err><![CDATA[SLF4J: Failed to load class "org.slf4j.impl.StaticLoggerBinder".
SLF4J: Defaulting to no-operation (NOP) logger implementation
SLF4J: See http://www.slf4j.org/codes.html#StaticLoggerBinder for further details.
1697453383929	geckodriver	INFO	Listening on 127.0.0.1:54545
1697453384127	mozrunner::runner	INFO	Running command: "C:\\Program Files\\Mozilla Firefox\\firefox.exe" "--marionette" "--remote-debugging-port" "60295" "--remote-allow-hosts" "localhost" "-no-remote" "-profile" "C:\\WINDOWS\\SystemTemp\\rust_mozprofile5UBH5I"
console.warn: services.settings: Ignoring preference override of remote settings server
console.warn: services.settings: Allow by setting MOZ_REMOTE_SETTINGS_DEVTOOLS=1 in the environment
1697453384475	Marionette	INFO	Marionette enabled
Dynamically enable window occlusion 0
1697453384554	Marionette	INFO	Listening on port 59746
WebDriver BiDi listening on ws://127.0.0.1:60295
Read port: 59746
1697453384624	RemoteAgent	WARN	TLS certificate errors will be ignored for this session
[GFX1-]: Fallback WR to SW-WR + D3D11
[GFX1-]: Failed to initialize GPU process
[GFX1-]: [D3D11] failed to get compositor device.
[GFX1-]: Failed to initialize CompositorD3D11 for SWGL: FEATURE_FAILURE_D3D11_NO_DEVICE
[GFX1-]: RenderCompositorSWGL failed mapping default framebuffer, no dt
DevTools listening on ws://127.0.0.1:60295/devtools/browser/cef28165-6661-4f31-bbc1-b9da347a7496
Oct 16, 2023 4:19:45 PM org.openqa.selenium.remote.ProtocolHandshake createSession
INFO: Detected dialect: W3C
console.warn: LoginRecipes: "Falling back to a synchronous message for: http://www.automationpractice.pl."
console.warn: LoginRecipes: "Falling back to a synchronous message for: http://www.automationpractice.pl."
]]></system-err>
  </testcase>
  <testcase name="verifyLogin" classname="com.mystore.testcases.TC_MyAccountPageTest" time="1.84">
    <system-out><![CDATA[[INFO ] 2023-10-16 16:20:00.025 [main] MyStoreV1 - **********url opened**********
Name of test method started:verifyLogin
[INFO ] 2023-10-16 16:20:00.026 [main] MyStoreV1 - **********TestCase Verify Login starts**********
[INFO ] 2023-10-16 16:20:00.933 [main] MyStoreV1 - Clicked on sign in link
[INFO ] 2023-10-16 16:20:00.968 [main] MyStoreV1 - Entered email address
[INFO ] 2023-10-16 16:20:00.991 [main] MyStoreV1 - Entered password
[INFO ] 2023-10-16 16:20:01.849 [main] MyStoreV1 - Clicked on sign in link..
[INFO ] 2023-10-16 16:20:01.852 [main] MyStoreV1 - VerifyLogin - Passed
[INFO ] 2023-10-16 16:20:01.867 [main] MyStoreV1 - **********TestCase Verify Login ends**********
Name of test method sucessfully executed:verifyLogin
]]></system-out>
    <system-err><![CDATA[1697453393146	Marionette	INFO	Stopped listening on port 59746
Dynamically enable window occlusion 1
1697453394030	geckodriver	INFO	Listening on 127.0.0.1:61940
1697453394077	mozrunner::runner	INFO	Running command: "C:\\Program Files\\Mozilla Firefox\\firefox.exe" "--marionette" "--remote-debugging-port" "60895" "--remote-allow-hosts" "localhost" "-no-remote" "-profile" "C:\\WINDOWS\\SystemTemp\\rust_mozprofileqoWpkO"
console.warn: services.settings: Ignoring preference override of remote settings server
console.warn: services.settings: Allow by setting MOZ_REMOTE_SETTINGS_DEVTOOLS=1 in the environment
1697453394358	Marionette	INFO	Marionette enabled
Dynamically enable window occlusion 0
1697453394432	Marionette	INFO	Listening on port 59797
WebDriver BiDi listening on ws://127.0.0.1:60895
Read port: 59797
1697453394645	RemoteAgent	WARN	TLS certificate errors will be ignored for this session
[GFX1-]: Fallback WR to SW-WR + D3D11
[GFX1-]: Failed to initialize GPU process
[GFX1-]: [D3D11] failed to get compositor device.
[GFX1-]: Failed to initialize CompositorD3D11 for SWGL: FEATURE_FAILURE_D3D11_NO_DEVICE
[GFX1-]: RenderCompositorSWGL failed mapping default framebuffer, no dt
DevTools listening on ws://127.0.0.1:60895/devtools/browser/41d55828-1ecf-4e2c-b1d9-0756321dbf77
Oct 16, 2023 4:19:55 PM org.openqa.selenium.remote.ProtocolHandshake createSession
INFO: Detected dialect: W3C
console.warn: LoginRecipes: "Falling back to a synchronous message for: http://www.automationpractice.pl."
console.warn: LoginRecipes: "Falling back to a synchronous message for: http://www.automationpractice.pl."
]]></system-err>
  </testcase>
</testsuite>