<?xml version="1.0" encoding="UTF-8"?>
<testng-results ignored="1" total="3" passed="2" failed="0" skipped="0">
  <reporter-output>
  </reporter-output>
  <suite started-at="2023-10-16T16:04:34 IST" name="Suite" finished-at="2023-10-16T16:04:59 IST" duration-ms="24526">
    <groups>
    </groups>
    <test started-at="2023-10-16T16:04:34 IST" name="Test" finished-at="2023-10-16T16:04:59 IST" duration-ms="24526">
      <class name="com.mystore.testcases.TC_ProductPageTest">
        <test-method is-config="true" signature="setup()[pri:0, instance:com.mystore.testcases.TC_ProductPageTest@c730b35]" started-at="2023-10-16T16:04:35 IST" name="setup" finished-at="2023-10-16T16:04:42 IST" duration-ms="7337" status="PASS">
          <reporter-output>
          </reporter-output>
        </test-method> <!-- setup -->
        <test-method signature="verifySearchProduct()[pri:0, instance:com.mystore.testcases.TC_ProductPageTest@c730b35]" started-at="2023-10-16T16:04:42 IST" name="verifySearchProduct" finished-at="2023-10-16T16:04:48 IST" duration-ms="6056" status="PASS">
          <reporter-output>
          </reporter-output>
        </test-method> <!-- verifySearchProduct -->
        <test-method is-config="true" signature="tearDown()[pri:0, instance:com.mystore.testcases.TC_ProductPageTest@c730b35]" started-at="2023-10-16T16:04:48 IST" name="tearDown" finished-at="2023-10-16T16:04:49 IST" duration-ms="856" status="PASS">
          <reporter-output>
          </reporter-output>
        </test-method> <!-- tearDown -->
      </class> <!-- com.mystore.testcases.TC_ProductPageTest -->
      <class name="com.mystore.testcases.TC_MyAccountPageTest">
        <test-method is-config="true" signature="setup()[pri:0, instance:com.mystore.testcases.TC_MyAccountPageTest@38425407]" started-at="2023-10-16T16:04:49 IST" name="setup" finished-at="2023-10-16T16:04:56 IST" duration-ms="7378" status="PASS">
          <reporter-output>
          </reporter-output>
        </test-method> <!-- setup -->
        <test-method signature="verifyLogin()[pri:0, instance:com.mystore.testcases.TC_MyAccountPageTest@38425407]" started-at="2023-10-16T16:04:56 IST" name="verifyLogin" finished-at="2023-10-16T16:04:58 IST" duration-ms="1866" status="PASS">
          <reporter-output>
          </reporter-output>
        </test-method> <!-- verifyLogin -->
        <test-method is-config="true" signature="tearDown()[pri:0, instance:com.mystore.testcases.TC_MyAccountPageTest@38425407]" started-at="2023-10-16T16:04:58 IST" name="tearDown" finished-at="2023-10-16T16:04:59 IST" duration-ms="786" status="PASS">
          <reporter-output>
          </reporter-output>
        </test-method> <!-- tearDown -->
      </class> <!-- com.mystore.testcases.TC_MyAccountPageTest -->
    </test> <!-- Test -->
  </suite> <!-- Suite -->
</testng-results>
